<?xml version="1.0" encoding="UTF-8"?>
<!-- Generated by org.testng.reporters.JUnitXMLReporter -->
<testsuite hostname="guile-imac.htctaipei.htc.com.tw" tests="3" failures="1" timestamp="13 Mar 2012 01:57:06 GMT" time="0.052" errors="0">
  <testcase name="TC00001" time="0.014" classname="Module1Test"/>
  <testcase name="TC00002" time="0.0010" classname="Module1Test">
    <failure type="java.lang.AssertionError" message="expected:&amp;lt;1&amp;gt; but was:&amp;lt;2&amp;gt;">
      <![CDATA[java.lang.AssertionError: expected:<1> but was:<2>
	at Module1Test.TC00002(Module1Test.java:20)
	at java.util.concurrent.Executors$RunnableAdapter.call(Executors.java:441)
	at java.util.concurrent.FutureTask$Sync.innerRun(FutureTask.java:303)
	at java.util.concurrent.FutureTask.run(FutureTask.java:138)
	at java.util.concurrent.ThreadPoolExecutor$Worker.runTask(ThreadPoolExecutor.java:886)
	at java.util.concurrent.ThreadPoolExecutor$Worker.run(ThreadPoolExecutor.java:908)
	at java.lang.Thread.run(Thread.java:680)
... Removed 12 stack frames]]>
    </failure>
  </testcase> <!-- TC00002 -->
  <testcase name="TC00003" time="0.0010" classname="Module1Test"/>
</testsuite>
