<?xml version="1.0" encoding="UTF-8"?>
<testng-results skipped="0" failed="0" total="3" passed="3">
  <reporter-output>
  </reporter-output>
  <suite name="Command line suite" duration-ms="21" started-at="2012-03-13T09:22:34Z" finished-at="2012-03-13T09:22:34Z">
    <groups>
      <group name="BVT">
        <method signature="Module1Test.testMethod2()[pri:0, instance:Module1Test@e60e128]" name="testMethod2" class="Module1Test"/>
      </group> <!-- BVT -->
      <group name="P1">
        <method signature="Module1Test.testMethod1()[pri:0, instance:Module1Test@e60e128]" name="testMethod1" class="Module1Test"/>
        <method signature="Module1Test.testMethod3()[pri:0, instance:Module1Test@e60e128]" name="testMethod3" class="Module1Test"/>
      </group> <!-- P1 -->
      <group name="P2">
        <method signature="Module1Test.testMethod2()[pri:0, instance:Module1Test@e60e128]" name="testMethod2" class="Module1Test"/>
      </group> <!-- P2 -->
      <group name="FVT">
        <method signature="Module1Test.testMethod1()[pri:0, instance:Module1Test@e60e128]" name="testMethod1" class="Module1Test"/>
        <method signature="Module1Test.testMethod3()[pri:0, instance:Module1Test@e60e128]" name="testMethod3" class="Module1Test"/>
      </group> <!-- FVT -->
    </groups>
    <test name="Command line test" duration-ms="21" started-at="2012-03-13T09:22:34Z" finished-at="2012-03-13T09:22:34Z">
      <class name="Module1Test">
        <test-method status="PASS" signature="testMethod1()[pri:0, instance:Module1Test@e60e128]" name="testMethod1" duration-ms="7" started-at="2012-03-13T09:22:34Z" finished-at="2012-03-13T09:22:34Z">
        </test-method> <!-- testMethod1 -->
        <test-method status="PASS" signature="testMethod2()[pri:0, instance:Module1Test@e60e128]" name="testMethod2" duration-ms="0" started-at="2012-03-13T09:22:34Z" finished-at="2012-03-13T09:22:34Z">
        </test-method> <!-- testMethod2 -->
        <test-method status="PASS" signature="testMethod3()[pri:0, instance:Module1Test@e60e128]" name="testMethod3" duration-ms="0" started-at="2012-03-13T09:22:34Z" finished-at="2012-03-13T09:22:34Z">
        </test-method> <!-- testMethod3 -->
      </class> <!-- Module1Test -->
    </test> <!-- Command line test -->
  </suite> <!-- Command line suite -->
</testng-results>
