<?xml version="1.0" encoding="UTF-8" ?>
<testsuite failures="1" time="0.333" errors="0" skipped="0" tests="3" name="TestSuite">
  <properties>
[...]
</properties>
  <testcase time="0.011" classname="Module1Test" name="TC00001"/>
  <testcase time="0.007" classname="Module1Test" name="TC00002">
    <failure message="expected:&lt;1&gt; but was:&lt;2&gt;" type="java.lang.AssertionError">java.lang.AssertionError: expected:&lt;1&gt; but was:&lt;2&gt;
	at org.testng.AssertJUnit.fail(AssertJUnit.java:59)
	at org.testng.AssertJUnit.failNotEquals(AssertJUnit.java:364)
	at org.testng.AssertJUnit.assertEquals(AssertJUnit.java:80)
	at org.testng.AssertJUnit.assertEquals(AssertJUnit.java:245)
	at org.testng.AssertJUnit.assertEquals(AssertJUnit.java:252)
	at Module1Test.TC00002(Module1Test.java:20)
</failure>
    <system-out>---------- onTestStart TC00002(this is test2 description) ----------
the 1st annotation is @org.testng.annotations.Test(expectedExceptions=[], alwaysRun=false, enabled=true, dependsOnMethods=[], ignoreMissingDependencies=false, testName=, dataProviderClass=class java.lang.Object, dataProvider=, expectedExceptionsMessageRegExp=.*, singleThreaded=false, suiteName=, dependsOnGroups=[], successPercentage=100, threadPoolSize=0, invocationTimeOut=0, retryAnalyzer=class java.lang.Class, sequential=false, timeOut=30000, invocationCount=1, priority=0, description=this is test2 description, parameters=[], skipFailedInvocations=false, groups=[P1, FVT])
---------- onTestFailure TC00002(this is test2 description) ----------
</system-out>
  </testcase>
  <testcase time="0.001" classname="Module1Test" name="TC00003"/>
</testsuite>